<?xml version="1.0" encoding="UTF-8"?>
<!-- Generated by org.testng.reporters.JUnitReportReporter -->
<testsuite skipped="0" hostname="CDC2-L-6337QQ2" name="jan31pack.demo1" tests="1" failures="0" timestamp="31 Jan 2020 06:20:03 GMT" time="1.893" errors="0">
  <testcase name="f" time="1.893" classname="jan31pack.demo1"/>
</testsuite> <!-- jan31pack.demo1 -->
